Aug 14 18:58:00 host=smtp.gmail.com tls=on auth=on user=i.have.ben.jamin@gmail.com from=i.have.ben.jamin@gmail.com recipients=andy@phxcounselingcollective.com mailsize=1744 smtpstatus=250 smtpmsg='250 2.0.0 OK  1565834266 l31sm959882pgm.63 - gsmtp' exitcode=EX_OK
Aug 16 15:54:09 host=smtp.zoho.com tls=on auth=on user=benjamin.anderson@zoho.com from=benjamin.anderson@zoho.com recipients=katyoosha.g@gmail.com mailsize=108356 smtpstatus=250 smtpmsg='250 Message received' exitcode=EX_OK
Aug 16 20:50:30 host=smtp.zoho.com tls=on auth=on user=benjamin.anderson@zoho.com from=benjamin.anderson@zoho.com recipients=katyoosha.g@gmail.com smtpstatus=553 smtpmsg='553 Relaying disallowed as americanairlines@aa.com' errormsg='the server did not accept the mail' exitcode=EX_UNAVAILABLE
Aug 16 20:51:20 host=smtp.zoho.com tls=on auth=on user=benjamin.anderson@zoho.com from=benjamin.anderson@zoho.com recipients=katyoosha.g@gmail.com mailsize=91639 smtpstatus=250 smtpmsg='250 Message received' exitcode=EX_OK
Aug 16 20:54:44 host=smtp.zoho.com tls=on auth=on user=benjamin.anderson@zoho.com from=benjamin.anderson@zoho.com recipients=katyoosha.g@gmail.com mailsize=314 smtpstatus=250 smtpmsg='250 Message received' exitcode=EX_OK
Aug 19 21:10:17 host=smtp.zoho.com tls=on auth=on user=benjamin.anderson@zoho.com from=benjamin.anderson@zoho.com recipients=katyoosha.g@gmail.com smtpstatus=553 smtpmsg='553 Relaying disallowed as americanairlines@aa.com' errormsg='the server did not accept the mail' exitcode=EX_UNAVAILABLE
Aug 19 21:10:54 host=smtp.zoho.com tls=on auth=on user=benjamin.anderson@zoho.com from=benjamin.anderson@zoho.com recipients=katyoosha.g@gmail.com mailsize=92753 smtpstatus=250 smtpmsg='250 Message received' exitcode=EX_OK
Aug 25 19:55:40 host=smtp.gmail.com tls=on auth=on user=i.have.ben.jamin@gmail.com from=i.have.ben.jamin@gmail.com recipients=andy@phxcounselingcollective.com mailsize=1996 smtpstatus=250 smtpmsg='250 2.0.0 OK  1566788103 f7sm9481113pfd.43 - gsmtp' exitcode=EX_OK
Aug 27 09:34:28 host=smtp.gmail.com tls=on auth=on user=i.have.ben.jamin@gmail.com from=i.have.ben.jamin@gmail.com recipients=andy@phxcounselingcollective.com mailsize=3576 smtpstatus=250 smtpmsg='250 2.0.0 OK  1566923629 w129sm23095112pfd.89 - gsmtp' exitcode=EX_OK
Aug 27 10:02:56 host=smtp.zoho.com tls=on auth=on user=benjamin.anderson@zoho.com from=benjamin.anderson@zoho.com recipients=katyoosha.g@gmail.com mailsize=541095 smtpstatus=250 smtpmsg='250 Message received' exitcode=EX_OK
Sep 01 18:54:48 host=smtp.gmail.com tls=on auth=on user=i.have.ben.jamin@gmail.com from=i.have.ben.jamin@gmail.com recipients=andy@phxcounselingcollective.com mailsize=1622 smtpstatus=250 smtpmsg='250 2.0.0 OK  1567389241 a128sm17209131pfb.185 - gsmtp' exitcode=EX_OK
Sep 03 12:36:31 host=smtp.zoho.com tls=on auth=on user=benjamin.anderson@zoho.com from=benjamin.anderson@zoho.com recipients=erik.p.makinen@nasa.gov mailsize=2039 smtpstatus=250 smtpmsg='250 Message received' exitcode=EX_OK
Sep 11 11:42:35 host=smtp.zoho.com tls=on auth=on user=benjamin.anderson@zoho.com from=benjamin.anderson@zoho.com recipients=katyoosha.g@gmail.com mailsize=44689 smtpstatus=250 smtpmsg='250 Message received' exitcode=EX_OK
Oct 16 15:14:45 host=smtp.gmail.com tls=on auth=on user=blande27@asu.edu from=blande27@asu.edu recipients=cgroppi@asu.edu errormsg='the server sent an empty reply' exitcode=EX_PROTOCOL
Oct 16 15:15:28 host=smtp.gmail.com tls=on auth=on user=blande27@asu.edu from=blande27@asu.edu recipients=cgroppi@asu.edu errormsg='the server sent an empty reply' exitcode=EX_PROTOCOL
Nov 16 13:10:51 host=smtp.gmail.com tls=on auth=on user=i.have.ben.jamin@gmail.com from=i.have.ben.jamin@gmail.com recipients=noreply@facebookmail.com mailsize=1552 smtpstatus=250 smtpmsg='250 2.0.0 OK  1573935051 i26sm8898318pfr.151 - gsmtp' exitcode=EX_OK
Nov 17 16:33:16 host=smtp.gmail.com tls=on auth=on user=i.have.ben.jamin@gmail.com from=i.have.ben.jamin@gmail.com recipients=andy@phxcounselingcollective.com mailsize=2928 smtpstatus=250 smtpmsg='250 2.0.0 OK  1574033594 190sm470676pga.65 - gsmtp' exitcode=EX_OK
Jan 13 21:00:10 host=smtp.zoho.com tls=on auth=on user=benjamin.anderson@zoho.com from=benjamin.anderson@zoho.com recipients=katyoosha.g@gmail.com mailsize=45756 smtpstatus=250 smtpmsg='250 Message received' exitcode=EX_OK
Jan 13 21:32:27 host=smtp.zoho.com tls=on auth=on user=benjamin.anderson@zoho.com from=benjamin.anderson@zoho.com recipients=katyoosha.g@gmail.com mailsize=46281 smtpstatus=250 smtpmsg='250 Message received' exitcode=EX_OK
Jan 13 21:47:58 host=smtp.zoho.com tls=on auth=on user=benjamin.anderson@zoho.com from=benjamin.anderson@zoho.com recipients=katyoosha.g@gmail.com mailsize=45776 smtpstatus=250 smtpmsg='250 Message received' exitcode=EX_OK
Mar 16 18:11:01 host=smtp.zoho.com tls=on auth=on user=benjamin.anderson@zoho.com from=benjamin.anderson@zoho.com recipients=hr@fuller.edu,sheyparise@fuller.edu mailsize=1482 smtpstatus=250 smtpmsg='250 Message received' exitcode=EX_OK
